
09-09-2023_07:54:19 undefined undefined
09-09-2023_07:54:22 undefined undefined
09-09-2023_07:55:19 GET /api/contacts
09-09-2023_07:55:20 GET /api/contacts
09-09-2023_08:10:50 GET /api/contacts
09-09-2023_08:10:52 GET /api/contacts
09-09-2023_08:10:53 GET /api/contacts
09-09-2023_10:18:36 GET /api/contacts
09-09-2023_10:18:42 GET /api/contacts/10
09-09-2023_10:19:38 POST /api/contacts/
09-09-2023_10:19:49 POST /api/contacts/10
09-09-2023_10:20:08 DELETE /api/contacts/10
09-09-2023_10:20:21 PUT /api/contacts/10
09-09-2023_10:21:26 GET /api/contacts
09-09-2023_10:44:20 GET /api/contacts
09-09-2023_10:44:27 GET /api/contacts/10
10-09-2023_11:20:27 GET /api/contacts/
10-09-2023_11:20:37 GET /api/contacts/
10-09-2023_11:20:40 GET /api/contacts/
10-09-2023_11:20:42 GET /api/contacts/
10-09-2023_11:20:43 GET /api/contacts/
10-09-2023_11:21:32 GET /api/contacts/
10-09-2023_11:23:13 GET /api/contacts/
10-09-2023_11:23:30 GET /api/contacts/
10-09-2023_11:23:53 GET /api/contacts/
10-09-2023_11:24:13 GET /api/contacts/
10-09-2023_11:25:27 GET /api/contacts/5
10-09-2023_11:29:46 POST /api/contacts/
10-09-2023_11:31:23 POST /api/contacts/
10-09-2023_12:00:22 PUT /api/contacts/5
10-09-2023_12:01:56 PUT /api/contacts/5
10-09-2023_12:03:16 PUT /api/contacts/5
10-09-2023_12:19:28 PUT /api/contacts/5
10-09-2023_12:23:41 PUT /api/contacts/5
10-09-2023_12:24:55 PUT /api/contacts/5